<?xml version="1.0" encoding="UTF-8"?>
<!-- Generated by org.testng.reporters.JUnitXMLReporter -->
<testsuite hostname="LAPTOP-BAL6UUBN" ignored="0" name="Command line test" tests="1" failures="0" timestamp="01 Jul 2020 05:18:35 GMT" time="6.306" errors="0">
  <testcase name="@BeforeMethod setUp" time="6.243" classname="com.crm.qa.testcases.LoginPageTest">
    <failure type="org.openqa.selenium.SessionNotCreatedException" message="session not created: This version of ChromeDriver only supports Chrome version 80
Build info: version: &amp;apos;3.141.59&amp;apos;, revision: &amp;apos;e82be7d358&amp;apos;, time: &amp;apos;2018-11-14T08:17:03&amp;apos;
System info: host: &amp;apos;LAPTOP-BAL6UUBN&amp;apos;, ip: &amp;apos;192.168.43.185&amp;apos;, os.name: &amp;apos;Windows 10&amp;apos;, os.arch: &amp;apos;amd64&amp;apos;, os.version: &amp;apos;10.0&amp;apos;, java.version: &amp;apos;1.8.0_231&amp;apos;
Driver info: driver.version: ChromeDriver
remote stacktrace: Backtrace:
	Ordinal0 [0x00360C83+1707139]
	Ordinal0 [0x002C68F1+1075441]
	Ordinal0 [0x0023DFC9+516041]
	Ordinal0 [0x001D0554+66900]
	Ordinal0 [0x001CCCE2+52450]
	Ordinal0 [0x001EBFD7+180183]
	Ordinal0 [0x001EBDDD+179677]
	Ordinal0 [0x001E9D4B+171339]
	Ordinal0 [0x001D1D4A+73034]
	Ordinal0 [0x001D2DC0+77248]
	Ordinal0 [0x001D2D59+77145]
	Ordinal0 [0x002DBB67+1162087]
	GetHandleVerifier [0x003FA966+508998]
	GetHandleVerifier [0x003FA6A4+508292]
	GetHandleVerifier [0x0040F7B7+594583]
	GetHandleVerifier [0x003FB1D6+511158]
	Ordinal0 [0x002D402C+1130540]
	Ordinal0 [0x002DD4CB+1168587]
	Ordinal0 [0x002DD633+1168947]
	Ordinal0 [0x002F5B35+1268533]
	BaseThreadInitThunk [0x77606359+25]
	RtlGetAppContainerNamedObjectPath [0x77D17C24+228]
	RtlGetAppContainerNamedObjectPath [0x77D17BF4+180]
">
      <![CDATA[org.openqa.selenium.SessionNotCreatedException: session not created: This version of ChromeDriver only supports Chrome version 80
Build info: version: '3.141.59', revision: 'e82be7d358', time: '2018-11-14T08:17:03'
System info: host: 'LAPTOP-BAL6UUBN', ip: '192.168.43.185', os.name: 'Windows 10', os.arch: 'amd64', os.version: '10.0', java.version: '1.8.0_231'
Driver info: driver.version: ChromeDriver
remote stacktrace: Backtrace:
Ordinal0 [0x00360C83+1707139]
Ordinal0 [0x002C68F1+1075441]
Ordinal0 [0x0023DFC9+516041]
Ordinal0 [0x001D0554+66900]
Ordinal0 [0x001CCCE2+52450]
Ordinal0 [0x001EBFD7+180183]
Ordinal0 [0x001EBDDD+179677]
Ordinal0 [0x001E9D4B+171339]
Ordinal0 [0x001D1D4A+73034]
Ordinal0 [0x001D2DC0+77248]
Ordinal0 [0x001D2D59+77145]
Ordinal0 [0x002DBB67+1162087]
GetHandleVerifier [0x003FA966+508998]
GetHandleVerifier [0x003FA6A4+508292]
GetHandleVerifier [0x0040F7B7+594583]
GetHandleVerifier [0x003FB1D6+511158]
Ordinal0 [0x002D402C+1130540]
Ordinal0 [0x002DD4CB+1168587]
Ordinal0 [0x002DD633+1168947]
Ordinal0 [0x002F5B35+1268533]
BaseThreadInitThunk [0x77606359+25]
RtlGetAppContainerNamedObjectPath [0x77D17C24+228]
RtlGetAppContainerNamedObjectPath [0x77D17BF4+180]

at org.openqa.selenium.remote.W3CHandshakeResponse.lambda$errorHandler$0(W3CHandshakeResponse.java:62)
at org.openqa.selenium.remote.HandshakeResponse.lambda$getResponseFunction$0(HandshakeResponse.java:30)
at org.openqa.selenium.remote.ProtocolHandshake.lambda$createSession$0(ProtocolHandshake.java:126)
at java.util.stream.ReferencePipeline$3$1.accept(ReferencePipeline.java:193)
at java.util.Spliterators$ArraySpliterator.tryAdvance(Spliterators.java:958)
at java.util.stream.ReferencePipeline.forEachWithCancel(ReferencePipeline.java:126)
at java.util.stream.AbstractPipeline.copyIntoWithCancel(AbstractPipeline.java:499)
at java.util.stream.AbstractPipeline.copyInto(AbstractPipeline.java:486)
at java.util.stream.AbstractPipeline.wrapAndCopyInto(AbstractPipeline.java:472)
at java.util.stream.FindOps$FindOp.evaluateSequential(FindOps.java:152)
at java.util.stream.AbstractPipeline.evaluate(AbstractPipeline.java:234)
at java.util.stream.ReferencePipeline.findFirst(ReferencePipeline.java:464)
at org.openqa.selenium.remote.ProtocolHandshake.createSession(ProtocolHandshake.java:128)
at org.openqa.selenium.remote.ProtocolHandshake.createSession(ProtocolHandshake.java:74)
at org.openqa.selenium.remote.HttpCommandExecutor.execute(HttpCommandExecutor.java:136)
at org.openqa.selenium.remote.service.DriverCommandExecutor.execute(DriverCommandExecutor.java:83)
at org.openqa.selenium.remote.RemoteWebDriver.execute(RemoteWebDriver.java:552)
at org.openqa.selenium.remote.RemoteWebDriver.startSession(RemoteWebDriver.java:213)
at org.openqa.selenium.remote.RemoteWebDriver.<init>(RemoteWebDriver.java:131)
at org.openqa.selenium.chrome.ChromeDriver.<init>(ChromeDriver.java:181)
at org.openqa.selenium.chrome.ChromeDriver.<init>(ChromeDriver.java:168)
at org.openqa.selenium.chrome.ChromeDriver.<init>(ChromeDriver.java:123)
at com.crm.qa.base.TestBase.initialisation(TestBase.java:36)
at com.crm.qa.testcases.LoginPageTest.setUp(LoginPageTest.java:19)
... Removed 41 stack frames]]>
    </failure>
  </testcase> <!-- @BeforeMethod setUp -->
  <testcase name="loginPageTitleTest" time="0.0" classname="com.crm.qa.testcases.LoginPageTest">
    <skipped/>
  </testcase> <!-- loginPageTitleTest -->
</testsuite> <!-- Command line test -->
